13:08:34.893[main] INFO  testCases.TC_001AccountRegistrationTest-********Starting TC_001AccountRegistrationTest***********
13:08:34.974[main] INFO  testCases.TC_001AccountRegistrationTest-clicking on myaccount link
13:08:35.153[main] INFO  testCases.TC_001AccountRegistrationTest-clicking on Register link
13:08:36.394[main] INFO  testCases.TC_001AccountRegistrationTest-Provinding Customer Deatils
13:08:38.84[main] INFO  testCases.TC_001AccountRegistrationTest-clicking on Continue
13:08:41.826[main] INFO  testCases.TC_001AccountRegistrationTest-verifing customer registration
13:08:41.830[main] INFO  testCases.TC_001AccountRegistrationTest-********fishined TC_001AccountRegistrationTest***********


13:27:18.209[main] INFO  testCases.TC_001AccountRegistrationTest-********Starting TC_001AccountRegistrationTest***********
13:27:18.432[main] INFO  testCases.TC_001AccountRegistrationTest-clicking on myaccount link
13:27:18.591[main] INFO  testCases.TC_001AccountRegistrationTest-clicking on Register link
13:27:19.685[main] INFO  testCases.TC_001AccountRegistrationTest-Provinding Customer Deatils
13:27:21.171[main] INFO  testCases.TC_001AccountRegistrationTest-clicking on Continue
13:27:24.408[main] INFO  testCases.TC_001AccountRegistrationTest-verifing customer registration
13:27:24.408[main] INFO  testCases.TC_001AccountRegistrationTest-test passed


13:27:24.411[main] INFO  testCases.TC_001AccountRegistrationTest-********fishined TC_001AccountRegistrationTest***********
13:28:57.224[main] INFO  testCases.TC_001AccountRegistrationTest-********Starting TC_001AccountRegistrationTest***********
13:28:57.384[main] INFO  testCases.TC_001AccountRegistrationTest-clicking on myaccount link
13:28:57.566[main] INFO  testCases.TC_001AccountRegistrationTest-clicking on Register link
13:28:58.788[main] INFO  testCases.TC_001AccountRegistrationTest-Provinding Customer Deatils
13:29:00.216[main] INFO  testCases.TC_001AccountRegistrationTest-clicking on Continue
13:29:10.314[main] INFO  testCases.TC_001AccountRegistrationTest-verifing customer registration
13:29:10.315[main] WARN  testCases.TC_001AccountRegistrationTest-customer registration faild
13:29:10.315[main] ERROR testCases.TC_001AccountRegistrationTest-test failed
13:29:10.319[main] INFO  testCases.TC_001AccountRegistrationTest-********fishined TC_001AccountRegistrationTest***********
22:06:47.285[main] INFO  testCases.TC_001AccountRegistrationTest-********Starting TC_001AccountRegistrationTest***********
22:06:47.351[main] INFO  testCases.TC_001AccountRegistrationTest-clicking on myaccount link
22:06:47.600[main] INFO  testCases.TC_001AccountRegistrationTest-clicking on Register link
22:06:50.706[main] INFO  testCases.TC_001AccountRegistrationTest-Provinding Customer Deatils
22:06:53.176[main] INFO  testCases.TC_001AccountRegistrationTest-clicking on Continue
22:06:58.429[main] INFO  testCases.TC_001AccountRegistrationTest-verifing customer registration
22:06:58.429[main] INFO  testCases.TC_001AccountRegistrationTest-test passed
22:06:58.440[main] INFO  testCases.TC_001AccountRegistrationTest-********fishined TC_001AccountRegistrationTest***********
22:11:58.509[main] INFO  testCases.TC_001AccountRegistrationTest-********Starting TC_001AccountRegistrationTest***********
22:11:58.574[main] INFO  testCases.TC_001AccountRegistrationTest-clicking on myaccount link
22:11:58.695[main] INFO  testCases.TC_001AccountRegistrationTest-clicking on Register link
22:11:59.943[main] INFO  testCases.TC_001AccountRegistrationTest-Provinding Customer Deatils
22:12:01.456[main] INFO  testCases.TC_001AccountRegistrationTest-clicking on Continue
22:12:04.408[main] INFO  testCases.TC_001AccountRegistrationTest-verifing customer registration
22:12:04.409[main] INFO  testCases.TC_001AccountRegistrationTest-test passed
22:12:04.412[main] INFO  testCases.TC_001AccountRegistrationTest-********fishined TC_001AccountRegistrationTest***********
22:13:16.233[main] INFO  testCases.TC_001AccountRegistrationTest-********Starting TC_001AccountRegistrationTest***********
22:13:16.315[main] INFO  testCases.TC_001AccountRegistrationTest-clicking on myaccount link
22:13:16.462[main] INFO  testCases.TC_001AccountRegistrationTest-clicking on Register link
22:13:18.186[main] INFO  testCases.TC_001AccountRegistrationTest-Provinding Customer Deatils
22:13:19.745[main] INFO  testCases.TC_001AccountRegistrationTest-clicking on Continue
22:13:23.809[main] INFO  testCases.TC_001AccountRegistrationTest-verifing customer registration
22:13:23.810[main] INFO  testCases.TC_001AccountRegistrationTest-test passed
22:13:23.814[main] INFO  testCases.TC_001AccountRegistrationTest-********fishined TC_001AccountRegistrationTest***********
08:13:05.40[main] INFO  testCases.TC_001AccountRegistrationTest-********Starting TC_001AccountRegistrationTest***********
08:13:05.199[main] INFO  testCases.TC_001AccountRegistrationTest-clicking on myaccount link
08:13:05.326[main] INFO  testCases.TC_001AccountRegistrationTest-clicking on Register link
08:13:07.882[main] INFO  testCases.TC_001AccountRegistrationTest-Provinding Customer Deatils
08:13:09.553[main] INFO  testCases.TC_001AccountRegistrationTest-clicking on Continue
08:13:13.439[main] INFO  testCases.TC_001AccountRegistrationTest-verifing customer registration
08:13:13.439[main] INFO  testCases.TC_001AccountRegistrationTest-test passed
08:13:13.455[main] INFO  testCases.TC_001AccountRegistrationTest-********fishined TC_001AccountRegistrationTest***********
08:13:21.930[main] INFO  testCases.TC_001AccountRegistrationTest-********Starting TC_001AccountRegistrationTest***********
08:13:21.930[main] INFO  testCases.TC_001AccountRegistrationTest-clicking on myaccount link
08:13:23.89[main] INFO  testCases.TC_001AccountRegistrationTest-clicking on Register link
08:13:24.477[main] INFO  testCases.TC_001AccountRegistrationTest-Provinding Customer Deatils
08:13:26.55[main] INFO  testCases.TC_001AccountRegistrationTest-clicking on Continue
08:13:29.313[main] INFO  testCases.TC_001AccountRegistrationTest-verifing customer registration
08:13:29.314[main] INFO  testCases.TC_001AccountRegistrationTest-test passed
08:13:29.314[main] INFO  testCases.TC_001AccountRegistrationTest-********fishined TC_001AccountRegistrationTest***********
08:15:21.345[TestNG-tests-1] INFO  testCases.TC_001AccountRegistrationTest-********Starting TC_001AccountRegistrationTest***********
08:15:21.408[TestNG-tests-1] INFO  testCases.TC_001AccountRegistrationTest-clicking on myaccount link
08:15:21.784[TestNG-tests-1] INFO  testCases.TC_001AccountRegistrationTest-clicking on Register link
08:15:24.898[TestNG-tests-2] INFO  testCases.TC_001AccountRegistrationTest-********Starting TC_001AccountRegistrationTest***********
08:15:24.898[TestNG-tests-2] INFO  testCases.TC_001AccountRegistrationTest-clicking on myaccount link
08:15:25.97[TestNG-tests-2] INFO  testCases.TC_001AccountRegistrationTest-clicking on Register link
08:15:26.226[TestNG-tests-1] INFO  testCases.TC_001AccountRegistrationTest-Provinding Customer Deatils
08:15:27.190[TestNG-tests-2] INFO  testCases.TC_001AccountRegistrationTest-Provinding Customer Deatils
08:15:29.208[TestNG-tests-1] INFO  testCases.TC_001AccountRegistrationTest-clicking on Continue
08:15:29.709[TestNG-tests-2] INFO  testCases.TC_001AccountRegistrationTest-clicking on Continue
08:15:33.62[TestNG-tests-1] INFO  testCases.TC_001AccountRegistrationTest-verifing customer registration
08:15:33.63[TestNG-tests-1] INFO  testCases.TC_001AccountRegistrationTest-test passed
08:15:33.69[TestNG-tests-1] INFO  testCases.TC_001AccountRegistrationTest-********fishined TC_001AccountRegistrationTest***********
08:15:34.199[TestNG-tests-2] INFO  testCases.TC_001AccountRegistrationTest-verifing customer registration
08:15:34.199[TestNG-tests-2] INFO  testCases.TC_001AccountRegistrationTest-test passed
08:15:34.199[TestNG-tests-2] INFO  testCases.TC_001AccountRegistrationTest-********fishined TC_001AccountRegistrationTest***********
08:34:53.981[main] INFO  testCases.TC_001AccountRegistrationTest-********Starting TC_001AccountRegistrationTest***********
08:34:54.314[main] INFO  testCases.TC_001AccountRegistrationTest-clicking on myaccount link
08:34:54.717[main] INFO  testCases.TC_001AccountRegistrationTest-clicking on Register link
08:34:56.87[main] INFO  testCases.TC_001AccountRegistrationTest-Provinding Customer Deatils
08:34:57.557[main] INFO  testCases.TC_001AccountRegistrationTest-clicking on Continue
08:35:00.892[main] INFO  testCases.TC_001AccountRegistrationTest-verifing customer registration
08:35:00.893[main] INFO  testCases.TC_001AccountRegistrationTest-test passed
08:35:00.899[main] INFO  testCases.TC_001AccountRegistrationTest-********fishined TC_001AccountRegistrationTest***********
09:28:05.506[main] INFO  testCases.TC_001AccountRegistrationTest-********Starting TC_001AccountRegistrationTest***********
09:28:05.629[main] INFO  testCases.TC_001AccountRegistrationTest-clicking on myaccount link
09:28:05.787[main] INFO  testCases.TC_001AccountRegistrationTest-clicking on Register link
09:28:07.213[main] INFO  testCases.TC_001AccountRegistrationTest-Provinding Customer Deatils
09:28:09.20[main] INFO  testCases.TC_001AccountRegistrationTest-clicking on Continue
09:28:12.578[main] INFO  testCases.TC_001AccountRegistrationTest-verifing customer registration
09:28:12.578[main] INFO  testCases.TC_001AccountRegistrationTest-test passed
09:28:12.582[main] INFO  testCases.TC_001AccountRegistrationTest-********fishined TC_001AccountRegistrationTest***********
19:18:37.908[main] INFO  testCases.TC_001AccountRegistrationTest-********Starting TC_001AccountRegistrationTest***********
19:18:38.314[main] INFO  testCases.TC_001AccountRegistrationTest-clicking on myaccount link
19:18:38.497[main] INFO  testCases.TC_001AccountRegistrationTest-clicking on Register link
19:18:41.638[main] INFO  testCases.TC_001AccountRegistrationTest-Provinding Customer Deatils
19:18:43.255[main] INFO  testCases.TC_001AccountRegistrationTest-clicking on Continue
19:18:49.428[main] INFO  testCases.TC_001AccountRegistrationTest-verifing customer registration
19:18:49.429[main] INFO  testCases.TC_001AccountRegistrationTest-test passed
19:18:49.433[main] INFO  testCases.TC_001AccountRegistrationTest-********fishined TC_001AccountRegistrationTest***********
19:23:02.276[main] INFO  testCases.TC_001AccountRegistrationTest-********Starting TC_001AccountRegistrationTest***********
19:23:02.377[main] INFO  testCases.TC_001AccountRegistrationTest-clicking on myaccount link
19:23:02.518[main] INFO  testCases.TC_001AccountRegistrationTest-clicking on Register link
19:23:04.76[main] INFO  testCases.TC_001AccountRegistrationTest-Provinding Customer Deatils
19:23:05.573[main] INFO  testCases.TC_001AccountRegistrationTest-clicking on Continue
19:23:08.856[main] INFO  testCases.TC_001AccountRegistrationTest-verifing customer registration
19:23:08.856[main] WARN  testCases.TC_001AccountRegistrationTest-customer registration faild
19:23:08.856[main] ERROR testCases.TC_001AccountRegistrationTest-test failed
19:23:08.859[main] INFO  testCases.TC_001AccountRegistrationTest-********fishined TC_001AccountRegistrationTest***********
19:24:37.961[main] INFO  testCases.TC_001AccountRegistrationTest-********Starting TC_001AccountRegistrationTest***********
19:24:38.142[main] INFO  testCases.TC_001AccountRegistrationTest-clicking on myaccount link
19:24:38.558[main] INFO  testCases.TC_001AccountRegistrationTest-clicking on Register link
19:24:39.984[main] INFO  testCases.TC_001AccountRegistrationTest-Provinding Customer Deatils
19:24:41.543[main] INFO  testCases.TC_001AccountRegistrationTest-clicking on Continue
19:24:45.515[main] INFO  testCases.TC_001AccountRegistrationTest-verifing customer registration
19:24:45.516[main] WARN  testCases.TC_001AccountRegistrationTest-customer registration faild
19:24:45.517[main] ERROR testCases.TC_001AccountRegistrationTest-test failed
19:24:45.520[main] INFO  testCases.TC_001AccountRegistrationTest-********fishined TC_001AccountRegistrationTest***********
19:25:53.609[main] INFO  testCases.TC_001AccountRegistrationTest-********Starting TC_001AccountRegistrationTest***********
19:25:53.793[main] INFO  testCases.TC_001AccountRegistrationTest-clicking on myaccount link
19:25:54.91[main] INFO  testCases.TC_001AccountRegistrationTest-clicking on Register link
19:25:55.241[main] INFO  testCases.TC_001AccountRegistrationTest-Provinding Customer Deatils
19:25:56.779[main] INFO  testCases.TC_001AccountRegistrationTest-clicking on Continue
19:26:06.851[main] INFO  testCases.TC_001AccountRegistrationTest-verifing customer registration
19:26:06.851[main] WARN  testCases.TC_001AccountRegistrationTest-customer registration faild
19:26:06.855[main] ERROR testCases.TC_001AccountRegistrationTest-test failed
19:26:06.858[main] INFO  testCases.TC_001AccountRegistrationTest-********fishined TC_001AccountRegistrationTest***********
19:29:10.604[main] INFO  testCases.TC_001AccountRegistrationTest-********Starting TC_001AccountRegistrationTest***********
19:29:10.661[main] INFO  testCases.TC_001AccountRegistrationTest-clicking on myaccount link
19:29:10.783[main] INFO  testCases.TC_001AccountRegistrationTest-clicking on Register link
19:29:11.967[main] INFO  testCases.TC_001AccountRegistrationTest-Provinding Customer Deatils
19:29:13.411[main] INFO  testCases.TC_001AccountRegistrationTest-clicking on Continue
19:29:23.513[main] INFO  testCases.TC_001AccountRegistrationTest-verifing customer registration
19:29:23.513[main] WARN  testCases.TC_001AccountRegistrationTest-customer registration faild
19:29:23.517[main] ERROR testCases.TC_001AccountRegistrationTest-test failed
19:29:23.520[main] INFO  testCases.TC_001AccountRegistrationTest-********fishined TC_001AccountRegistrationTest***********
19:33:06.427[main] INFO  testCases.TC_001AccountRegistrationTest-********Starting TC_001AccountRegistrationTest***********
19:33:06.606[main] INFO  testCases.TC_001AccountRegistrationTest-clicking on myaccount link
19:33:06.971[main] INFO  testCases.TC_001AccountRegistrationTest-clicking on Register link
19:33:08.935[main] INFO  testCases.TC_001AccountRegistrationTest-Provinding Customer Deatils
19:33:10.661[main] INFO  testCases.TC_001AccountRegistrationTest-clicking on Continue
19:33:14.236[main] INFO  testCases.TC_001AccountRegistrationTest-verifing customer registration
19:33:14.236[main] WARN  testCases.TC_001AccountRegistrationTest-customer registration faild
19:33:14.236[main] ERROR testCases.TC_001AccountRegistrationTest-test failed
19:33:14.239[main] INFO  testCases.TC_001AccountRegistrationTest-********fishined TC_001AccountRegistrationTest***********
19:34:21.937[main] INFO  testCases.TC_001AccountRegistrationTest-********Starting TC_001AccountRegistrationTest***********
19:34:21.997[main] INFO  testCases.TC_001AccountRegistrationTest-clicking on myaccount link
19:34:22.135[main] INFO  testCases.TC_001AccountRegistrationTest-clicking on Register link
19:34:23.560[main] INFO  testCases.TC_001AccountRegistrationTest-Provinding Customer Deatils
19:34:25.283[main] INFO  testCases.TC_001AccountRegistrationTest-clicking on Continue
19:34:29.91[main] INFO  testCases.TC_001AccountRegistrationTest-verifing customer registration
19:34:29.92[main] INFO  testCases.TC_001AccountRegistrationTest-test passed
19:34:29.96[main] INFO  testCases.TC_001AccountRegistrationTest-********fishined TC_001AccountRegistrationTest***********
11:56:23.657[main] INFO  testCases.TC_001AccountRegistrationTest-********Starting TC_001AccountRegistrationTest***********
11:56:23.845[main] INFO  testCases.TC_001AccountRegistrationTest-clicking on myaccount link
11:56:24.06[main] INFO  testCases.TC_001AccountRegistrationTest-clicking on Register link
11:56:25.216[main] INFO  testCases.TC_001AccountRegistrationTest-Provinding Customer Deatils
11:56:26.746[main] INFO  testCases.TC_001AccountRegistrationTest-clicking on Continue
11:56:30.436[main] INFO  testCases.TC_001AccountRegistrationTest-verifing customer registration
11:56:30.436[main] INFO  testCases.TC_001AccountRegistrationTest-test passed
11:56:30.439[main] INFO  testCases.TC_001AccountRegistrationTest-********fishined TC_001AccountRegistrationTest***********
11:56:37.864[main] INFO  testCases.TC_002_LoginTest-***** Starting TC_002_LoginTest*****
11:56:41.150[main] INFO  testCases.TC_002_LoginTest-*****Fished TC_002_LoginTest ******
12:04:46.567[main] INFO  testCases.TC_001AccountRegistrationTest-********Starting TC_001AccountRegistrationTest***********
12:04:46.629[main] INFO  testCases.TC_001AccountRegistrationTest-clicking on myaccount link
12:04:46.748[main] INFO  testCases.TC_001AccountRegistrationTest-clicking on Register link
12:04:48.70[main] INFO  testCases.TC_001AccountRegistrationTest-Provinding Customer Deatils
12:04:49.552[main] INFO  testCases.TC_001AccountRegistrationTest-clicking on Continue
12:04:52.915[main] INFO  testCases.TC_001AccountRegistrationTest-verifing customer registration
12:04:52.915[main] INFO  testCases.TC_001AccountRegistrationTest-test passed
12:04:52.918[main] INFO  testCases.TC_001AccountRegistrationTest-********fishined TC_001AccountRegistrationTest***********
12:04:59.570[main] INFO  testCases.TC_002_LoginTest-***** Starting TC_002_LoginTest*****
12:07:03.199[main] INFO  testCases.TC_001AccountRegistrationTest-********Starting TC_001AccountRegistrationTest***********
12:07:03.249[main] INFO  testCases.TC_001AccountRegistrationTest-clicking on myaccount link
12:07:03.375[main] INFO  testCases.TC_001AccountRegistrationTest-clicking on Register link
12:07:04.747[main] INFO  testCases.TC_001AccountRegistrationTest-Provinding Customer Deatils
12:07:06.240[main] INFO  testCases.TC_001AccountRegistrationTest-clicking on Continue
12:07:09.713[main] INFO  testCases.TC_001AccountRegistrationTest-verifing customer registration
12:07:09.713[main] INFO  testCases.TC_001AccountRegistrationTest-test passed
12:07:09.724[main] INFO  testCases.TC_001AccountRegistrationTest-********fishined TC_001AccountRegistrationTest***********
12:07:17.630[main] INFO  testCases.TC_002_LoginTest-***** Starting TC_002_LoginTest*****
12:25:49.820[main] INFO  testCases.TC_001AccountRegistrationTest-********Starting TC_001AccountRegistrationTest***********
12:25:49.956[main] INFO  testCases.TC_001AccountRegistrationTest-clicking on myaccount link
12:25:50.397[main] INFO  testCases.TC_001AccountRegistrationTest-clicking on Register link
12:25:51.940[main] INFO  testCases.TC_001AccountRegistrationTest-Provinding Customer Deatils
12:25:53.476[main] INFO  testCases.TC_001AccountRegistrationTest-clicking on Continue
12:25:56.961[main] INFO  testCases.TC_001AccountRegistrationTest-verifing customer registration
12:25:56.961[main] INFO  testCases.TC_001AccountRegistrationTest-test passed
12:25:56.965[main] INFO  testCases.TC_001AccountRegistrationTest-********fishined TC_001AccountRegistrationTest***********
12:26:02.924[main] INFO  testCases.TC_002_LoginTest-***** Starting TC_002_LoginTest*****
12:27:52.199[main] INFO  testCases.TC_001AccountRegistrationTest-********Starting TC_001AccountRegistrationTest***********
12:27:52.401[main] INFO  testCases.TC_001AccountRegistrationTest-clicking on myaccount link
12:27:52.711[main] INFO  testCases.TC_001AccountRegistrationTest-clicking on Register link
12:27:54.76[main] INFO  testCases.TC_001AccountRegistrationTest-Provinding Customer Deatils
12:27:55.580[main] INFO  testCases.TC_001AccountRegistrationTest-clicking on Continue
12:27:58.632[main] INFO  testCases.TC_001AccountRegistrationTest-verifing customer registration
12:27:58.632[main] INFO  testCases.TC_001AccountRegistrationTest-test passed
12:27:58.642[main] INFO  testCases.TC_001AccountRegistrationTest-********fishined TC_001AccountRegistrationTest***********
12:28:06.79[main] INFO  testCases.TC_002_LoginTest-***** Starting TC_002_LoginTest*****
12:38:18.635[main] INFO  testCases.TC_001AccountRegistrationTest-********Starting TC_001AccountRegistrationTest***********
12:38:18.689[main] INFO  testCases.TC_001AccountRegistrationTest-clicking on myaccount link
12:38:18.805[main] INFO  testCases.TC_001AccountRegistrationTest-clicking on Register link
12:38:20.21[main] INFO  testCases.TC_001AccountRegistrationTest-Provinding Customer Deatils
12:38:21.700[main] INFO  testCases.TC_001AccountRegistrationTest-clicking on Continue
12:38:24.993[main] INFO  testCases.TC_001AccountRegistrationTest-verifing customer registration
12:38:24.994[main] INFO  testCases.TC_001AccountRegistrationTest-test passed
12:38:24.998[main] INFO  testCases.TC_001AccountRegistrationTest-********fishined TC_001AccountRegistrationTest***********
12:38:31.531[main] INFO  testCases.TC_002_LoginTest-***** Starting TC_002_LoginTest*****
14:17:03.925 [main] INFO  testCases.TC_001AccountRegistrationTest - ***  Starting TC_001_AccountRegistrationTest ***
14:17:04.162 [main] INFO  testCases.TC_001AccountRegistrationTest - Clicked on My account link
14:17:06.562 [main] INFO  testCases.TC_001AccountRegistrationTest - Clicked on register link
14:17:06.572 [main] INFO  testCases.TC_001AccountRegistrationTest - Providing customer data
14:17:12.220 [main] INFO  testCases.TC_001AccountRegistrationTest - Clicked on continue
14:17:12.299 [main] INFO  testCases.TC_001AccountRegistrationTest - Validating expected message
14:17:12.302 [main] INFO  testCases.TC_001AccountRegistrationTest - ***  Finished TC_001_AccountRegistrationTest ***
14:17:19.522 [main] INFO  testCases.TC_002_LoginTest - ***** Starting TC_002_LoginTest*****
14:32:15.662 [main] INFO  testCases.TC_001AccountRegistrationTest - ***  Starting TC_001_AccountRegistrationTest ***
14:32:15.869 [main] INFO  testCases.TC_001AccountRegistrationTest - Clicked on My account link
14:32:17.052 [main] INFO  testCases.TC_001AccountRegistrationTest - Clicked on register link
14:32:17.060 [main] INFO  testCases.TC_001AccountRegistrationTest - Providing customer data
14:32:22.485 [main] INFO  testCases.TC_001AccountRegistrationTest - Clicked on continue
14:32:22.553 [main] INFO  testCases.TC_001AccountRegistrationTest - Validating expected message
14:32:22.555 [main] INFO  testCases.TC_001AccountRegistrationTest - ***  Finished TC_001_AccountRegistrationTest ***
14:32:30.013 [main] INFO  testCases.TC_002_LoginTest - ***** Starting TC_002_LoginTest*****
14:32:34.090 [main] INFO  testCases.TC_002_LoginTest - *****Fished TC_002_LoginTest ******
19:48:53.405 [main] INFO  testCases.TC_001AccountRegistrationTest - ***  Starting TC_001_AccountRegistrationTest ***
19:48:53.625 [main] INFO  testCases.TC_001AccountRegistrationTest - Clicked on My account link
19:48:55.589 [main] INFO  testCases.TC_001AccountRegistrationTest - Clicked on register link
19:48:55.603 [main] INFO  testCases.TC_001AccountRegistrationTest - Providing customer data
19:49:00.810 [main] INFO  testCases.TC_001AccountRegistrationTest - Clicked on continue
19:49:00.889 [main] INFO  testCases.TC_001AccountRegistrationTest - Validating expected message
19:49:00.900 [main] INFO  testCases.TC_001AccountRegistrationTest - ***  Finished TC_001_AccountRegistrationTest ***
19:49:10.971 [main] INFO  testCases.TC_002_LoginTest - ***** Starting TC_002_LoginTest*****
19:49:13.650 [main] INFO  testCases.TC_002_LoginTest - *****Fished TC_002_LoginTest ******
19:51:51.039 [main] INFO  testCases.TC_001AccountRegistrationTest - ***  Starting TC_001_AccountRegistrationTest ***
19:51:51.248 [main] INFO  testCases.TC_001AccountRegistrationTest - Clicked on My account link
19:51:52.646 [main] INFO  testCases.TC_001AccountRegistrationTest - Clicked on register link
19:51:52.655 [main] INFO  testCases.TC_001AccountRegistrationTest - Providing customer data
19:51:57.876 [main] INFO  testCases.TC_001AccountRegistrationTest - Clicked on continue
19:51:58.012 [main] INFO  testCases.TC_001AccountRegistrationTest - Validating expected message
19:51:58.015 [main] INFO  testCases.TC_001AccountRegistrationTest - ***  Finished TC_001_AccountRegistrationTest ***
19:52:07.611 [main] INFO  testCases.TC_002_LoginTest - ***** Starting TC_002_LoginTest*****
19:52:10.718 [main] INFO  testCases.TC_002_LoginTest - *****Fished TC_002_LoginTest ******
20:12:22.533 [main] INFO  testCases.TC_003_LoginDataDrivenTest - ***** Starting TC_003_LoginDataDrivenTest*****
20:12:26.543 [main] INFO  testCases.TC_003_LoginDataDrivenTest - *****Fished TC_003_LoginDataDrivenTest ******
20:12:26.590 [main] INFO  testCases.TC_003_LoginDataDrivenTest - ***** Starting TC_003_LoginDataDrivenTest*****
20:12:39.043 [main] INFO  testCases.TC_003_LoginDataDrivenTest - *****Fished TC_003_LoginDataDrivenTest ******
20:12:39.055 [main] INFO  testCases.TC_003_LoginDataDrivenTest - ***** Starting TC_003_LoginDataDrivenTest*****
20:12:51.024 [main] INFO  testCases.TC_003_LoginDataDrivenTest - *****Fished TC_003_LoginDataDrivenTest ******
20:12:51.036 [main] INFO  testCases.TC_003_LoginDataDrivenTest - ***** Starting TC_003_LoginDataDrivenTest*****
20:13:02.837 [main] INFO  testCases.TC_003_LoginDataDrivenTest - *****Fished TC_003_LoginDataDrivenTest ******
20:13:02.855 [main] INFO  testCases.TC_003_LoginDataDrivenTest - ***** Starting TC_003_LoginDataDrivenTest*****
20:13:05.143 [main] INFO  testCases.TC_003_LoginDataDrivenTest - *****Fished TC_003_LoginDataDrivenTest ******
20:30:19.882 [main] INFO  testCases.TC_003_LoginDataDrivenTest - ***** Starting TC_003_LoginDataDrivenTest*****
20:30:24.208 [main] INFO  testCases.TC_003_LoginDataDrivenTest - *****Fished TC_003_LoginDataDrivenTest ******
20:30:24.265 [main] INFO  testCases.TC_003_LoginDataDrivenTest - ***** Starting TC_003_LoginDataDrivenTest*****
20:30:36.897 [main] INFO  testCases.TC_003_LoginDataDrivenTest - *****Fished TC_003_LoginDataDrivenTest ******
20:30:36.922 [main] INFO  testCases.TC_003_LoginDataDrivenTest - ***** Starting TC_003_LoginDataDrivenTest*****
20:30:48.883 [main] INFO  testCases.TC_003_LoginDataDrivenTest - *****Fished TC_003_LoginDataDrivenTest ******
20:30:48.901 [main] INFO  testCases.TC_003_LoginDataDrivenTest - ***** Starting TC_003_LoginDataDrivenTest*****
20:31:00.956 [main] INFO  testCases.TC_003_LoginDataDrivenTest - *****Fished TC_003_LoginDataDrivenTest ******
20:31:01.004 [main] INFO  testCases.TC_003_LoginDataDrivenTest - ***** Starting TC_003_LoginDataDrivenTest*****
20:31:03.004 [main] INFO  testCases.TC_003_LoginDataDrivenTest - *****Fished TC_003_LoginDataDrivenTest ******
20:34:52.224 [main] INFO  testCases.TC_001AccountRegistrationTest - ***  Starting TC_001_AccountRegistrationTest ***
20:34:52.432 [main] INFO  testCases.TC_001AccountRegistrationTest - Clicked on My account link
20:34:53.533 [main] INFO  testCases.TC_001AccountRegistrationTest - Clicked on register link
20:34:53.542 [main] INFO  testCases.TC_001AccountRegistrationTest - Providing customer data
20:34:57.937 [main] INFO  testCases.TC_001AccountRegistrationTest - Clicked on continue
20:34:58.021 [main] INFO  testCases.TC_001AccountRegistrationTest - Validating expected message
20:34:58.025 [main] INFO  testCases.TC_001AccountRegistrationTest - ***  Finished TC_001_AccountRegistrationTest ***
20:35:05.719 [main] INFO  testCases.TC_002_LoginTest - ***** Starting TC_002_LoginTest*****
20:35:08.976 [main] INFO  testCases.TC_002_LoginTest - *****Fished TC_002_LoginTest ******
20:35:19.096 [main] INFO  testCases.TC_003_LoginDataDrivenTest - ***** Starting TC_003_LoginDataDrivenTest*****
20:35:23.662 [main] INFO  testCases.TC_003_LoginDataDrivenTest - *****Fished TC_003_LoginDataDrivenTest ******
20:35:23.680 [main] INFO  testCases.TC_003_LoginDataDrivenTest - ***** Starting TC_003_LoginDataDrivenTest*****
20:35:36.271 [main] INFO  testCases.TC_003_LoginDataDrivenTest - *****Fished TC_003_LoginDataDrivenTest ******
20:35:36.309 [main] INFO  testCases.TC_003_LoginDataDrivenTest - ***** Starting TC_003_LoginDataDrivenTest*****
20:35:48.519 [main] INFO  testCases.TC_003_LoginDataDrivenTest - *****Fished TC_003_LoginDataDrivenTest ******
20:35:48.531 [main] INFO  testCases.TC_003_LoginDataDrivenTest - ***** Starting TC_003_LoginDataDrivenTest*****
20:36:00.414 [main] INFO  testCases.TC_003_LoginDataDrivenTest - *****Fished TC_003_LoginDataDrivenTest ******
20:36:00.428 [main] INFO  testCases.TC_003_LoginDataDrivenTest - ***** Starting TC_003_LoginDataDrivenTest*****
20:36:02.360 [main] INFO  testCases.TC_003_LoginDataDrivenTest - *****Fished TC_003_LoginDataDrivenTest ******
09:48:45.786 [main] INFO  testCases.TC_001AccountRegistrationTest - ***  Starting TC_001_AccountRegistrationTest ***
09:48:46.059 [main] INFO  testCases.TC_001AccountRegistrationTest - Clicked on My account link
09:48:48.626 [main] INFO  testCases.TC_001AccountRegistrationTest - Clicked on register link
09:48:48.634 [main] INFO  testCases.TC_001AccountRegistrationTest - Providing customer data
09:48:54.183 [main] INFO  testCases.TC_001AccountRegistrationTest - Clicked on continue
09:48:54.252 [main] INFO  testCases.TC_001AccountRegistrationTest - Validating expected message
09:48:54.278 [main] INFO  testCases.TC_001AccountRegistrationTest - ***  Finished TC_001_AccountRegistrationTest ***
09:49:04.847 [main] INFO  testCases.TC_002_LoginTest - ***** Starting TC_002_LoginTest*****
09:49:09.174 [main] INFO  testCases.TC_002_LoginTest - *****Fished TC_002_LoginTest ******
09:49:24.625 [main] INFO  testCases.TC_003_LoginDataDrivenTest - ***** Starting TC_003_LoginDataDrivenTest*****
09:49:28.696 [main] INFO  testCases.TC_003_LoginDataDrivenTest - *****Fished TC_003_LoginDataDrivenTest ******
09:49:28.738 [main] INFO  testCases.TC_003_LoginDataDrivenTest - ***** Starting TC_003_LoginDataDrivenTest*****
09:49:41.047 [main] INFO  testCases.TC_003_LoginDataDrivenTest - *****Fished TC_003_LoginDataDrivenTest ******
09:49:41.073 [main] INFO  testCases.TC_003_LoginDataDrivenTest - ***** Starting TC_003_LoginDataDrivenTest*****
09:49:53.289 [main] INFO  testCases.TC_003_LoginDataDrivenTest - *****Fished TC_003_LoginDataDrivenTest ******
09:49:53.299 [main] INFO  testCases.TC_003_LoginDataDrivenTest - ***** Starting TC_003_LoginDataDrivenTest*****
09:50:05.374 [main] INFO  testCases.TC_003_LoginDataDrivenTest - *****Fished TC_003_LoginDataDrivenTest ******
09:50:05.388 [main] INFO  testCases.TC_003_LoginDataDrivenTest - ***** Starting TC_003_LoginDataDrivenTest*****
09:50:07.461 [main] INFO  testCases.TC_003_LoginDataDrivenTest - *****Fished TC_003_LoginDataDrivenTest ******
11:08:54.559 [main] INFO  testCases.TC_001AccountRegistrationTest - ***  Starting TC_001_AccountRegistrationTest ***
11:08:54.791 [main] INFO  testCases.TC_001AccountRegistrationTest - Clicked on My account link
11:08:56.089 [main] INFO  testCases.TC_001AccountRegistrationTest - Clicked on register link
11:08:56.098 [main] INFO  testCases.TC_001AccountRegistrationTest - Providing customer data
11:09:00.968 [main] INFO  testCases.TC_001AccountRegistrationTest - Clicked on continue
11:09:01.061 [main] INFO  testCases.TC_001AccountRegistrationTest - Validating expected message
11:09:01.061 [main] WARN  testCases.TC_001AccountRegistrationTest - Customer rgst not sucessful 
11:09:01.061 [main] ERROR testCases.TC_001AccountRegistrationTest - test faild
11:09:08.057 [main] INFO  testCases.TC_002_LoginTest - ***** Starting TC_002_LoginTest*****
11:09:11.525 [main] INFO  testCases.TC_002_LoginTest - *****Fished TC_002_LoginTest ******
14:40:02.422 [main] INFO  testCases.TC_001AccountRegistrationTest - ***  Starting TC_001_AccountRegistrationTest ***
14:40:02.677 [main] INFO  testCases.TC_001AccountRegistrationTest - Clicked on My account link
14:40:03.952 [main] INFO  testCases.TC_001AccountRegistrationTest - Clicked on register link
14:40:03.961 [main] INFO  testCases.TC_001AccountRegistrationTest - Providing customer data
14:40:09.000 [main] INFO  testCases.TC_001AccountRegistrationTest - Clicked on continue
14:40:09.072 [main] INFO  testCases.TC_001AccountRegistrationTest - Validating expected message
14:40:09.076 [main] INFO  testCases.TC_001AccountRegistrationTest - ***  Finished TC_001_AccountRegistrationTest ***
14:40:15.666 [main] INFO  testCases.TC_002_LoginTest - ***** Starting TC_002_LoginTest*****
14:40:18.558 [main] INFO  testCases.TC_002_LoginTest - *****Fished TC_002_LoginTest ******
15:42:58.034 [main] INFO  testCases.TC_001AccountRegistrationTest - ***  Starting TC_001_AccountRegistrationTest ***
15:42:58.328 [main] INFO  testCases.TC_001AccountRegistrationTest - Clicked on My account link
15:43:00.393 [main] INFO  testCases.TC_001AccountRegistrationTest - Clicked on register link
15:43:00.494 [main] INFO  testCases.TC_001AccountRegistrationTest - Providing customer data
15:43:08.129 [main] INFO  testCases.TC_001AccountRegistrationTest - Clicked on continue
15:43:08.224 [main] INFO  testCases.TC_001AccountRegistrationTest - Validating expected message
15:43:08.227 [main] INFO  testCases.TC_001AccountRegistrationTest - ***  Finished TC_001_AccountRegistrationTest ***
15:43:16.171 [main] INFO  testCases.TC_002_LoginTest - ***** Starting TC_002_LoginTest*****
15:43:20.540 [main] INFO  testCases.TC_002_LoginTest - *****Fished TC_002_LoginTest ******
15:44:37.253 [main] INFO  testCases.TC_001AccountRegistrationTest - ***  Starting TC_001_AccountRegistrationTest ***
15:44:37.415 [main] INFO  testCases.TC_001AccountRegistrationTest - Clicked on My account link
15:44:38.714 [main] INFO  testCases.TC_001AccountRegistrationTest - Clicked on register link
15:44:38.728 [main] INFO  testCases.TC_001AccountRegistrationTest - Providing customer data
15:44:43.114 [main] INFO  testCases.TC_001AccountRegistrationTest - Clicked on continue
15:44:43.188 [main] INFO  testCases.TC_001AccountRegistrationTest - Validating expected message
15:44:43.196 [main] INFO  testCases.TC_001AccountRegistrationTest - ***  Finished TC_001_AccountRegistrationTest ***
15:44:52.023 [main] INFO  testCases.TC_002_LoginTest - ***** Starting TC_002_LoginTest*****
15:44:55.102 [main] INFO  testCases.TC_002_LoginTest - *****Fished TC_002_LoginTest ******
15:45:08.147 [main] INFO  testCases.TC_003_LoginDataDrivenTest - ***** Starting TC_003_LoginDataDrivenTest*****
15:45:11.748 [main] INFO  testCases.TC_003_LoginDataDrivenTest - *****Fished TC_003_LoginDataDrivenTest ******
15:45:11.751 [main] INFO  testCases.TC_003_LoginDataDrivenTest - ***** Starting TC_003_LoginDataDrivenTest*****
15:45:23.848 [main] INFO  testCases.TC_003_LoginDataDrivenTest - *****Fished TC_003_LoginDataDrivenTest ******
15:45:23.864 [main] INFO  testCases.TC_003_LoginDataDrivenTest - ***** Starting TC_003_LoginDataDrivenTest*****
15:45:35.680 [main] INFO  testCases.TC_003_LoginDataDrivenTest - *****Fished TC_003_LoginDataDrivenTest ******
15:45:35.680 [main] INFO  testCases.TC_003_LoginDataDrivenTest - ***** Starting TC_003_LoginDataDrivenTest*****
15:45:47.366 [main] INFO  testCases.TC_003_LoginDataDrivenTest - *****Fished TC_003_LoginDataDrivenTest ******
15:45:47.366 [main] INFO  testCases.TC_003_LoginDataDrivenTest - ***** Starting TC_003_LoginDataDrivenTest*****
15:45:49.213 [main] INFO  testCases.TC_003_LoginDataDrivenTest - *****Fished TC_003_LoginDataDrivenTest ******
